<?xml version="1.0" encoding="UTF-8"?>
<!-- Generated by org.testng.reporters.JUnitXMLReporter -->
<testsuite ignored="0" hostname="saikrishnan" failures="1" tests="5" name="Test" time="2.96" errors="0" timestamp="2025-09-10T13:34:52 IST">
  <testcase classname="com.testNG.ITest" name="testMetod" time="0.08">
    <skipped/>
  </testcase> <!-- testMetod -->
  <testcase classname="com.testNG.ITest" name="testMetod" time="0.016">
    <skipped/>
  </testcase> <!-- testMetod -->
  <testcase classname="com.testNG.ITest" name="testMetod" time="0.017">
    <skipped/>
  </testcase> <!-- testMetod -->
  <testcase classname="com.testNG.ITest" name="testMetod" time="0.013">
    <skipped/>
  </testcase> <!-- testMetod -->
  <testcase classname="com.testNG.ITest" name="testMetod" time="0.027">
    <failure type="java.lang.AssertionError" message="expected [Hoogle] but found [Google]">
      <![CDATA[java.lang.AssertionError: expected [Hoogle] but found [Google]
at com.testNG.ITest.testMetod(ITest.java:30)
at java.base/java.util.ArrayList.forEach(ArrayList.java:1596)
... Removed 31 stack frames]]>
    </failure>
  </testcase> <!-- testMetod -->
</testsuite> <!-- Test -->
