<?xml version="1.0" encoding="UTF-8"?>
<!-- Generated by org.testng.reporters.JUnitReportReporter -->
<testsuite hostname="saikrishnan" failures="0" tests="4" name="com.testNG.SimpleAnnotations" time="0.019" errors="0" timestamp="2025-09-08T23:04:35 IST" skipped="0">
  <testcase classname="com.testNG.SimpleAnnotations" name="Kids" time="0.007"/>
  <testcase classname="com.testNG.SimpleAnnotations" name="Women" time="0.004"/>
  <testcase classname="com.testNG.SimpleAnnotations" name="Men" time="0.005"/>
  <testcase classname="com.testNG.SimpleAnnotations" name="Screenshots" time="0.003"/>
</testsuite> <!-- com.testNG.SimpleAnnotations -->
