<?xml version="1.0" encoding="UTF-8"?>
<!-- Generated by org.testng.reporters.JUnitReportReporter -->
<testsuite hostname="saikrishnan" failures="0" tests="4" name="com.testNG.PriorityClass" time="0.016" errors="0" timestamp="2025-09-09T12:39:27 IST" skipped="0">
  <testcase classname="com.testNG.PriorityClass" name="Login" time="0.012"/>
  <testcase classname="com.testNG.PriorityClass" name="SearchPage" time="0.001"/>
  <testcase classname="com.testNG.PriorityClass" name="PaymentPage" time="0.002"/>
  <testcase classname="com.testNG.PriorityClass" name="CheckoutPage" time="0.001"/>
</testsuite> <!-- com.testNG.PriorityClass -->
