<?xml version="1.0" encoding="UTF-8"?>
<!-- Generated by org.testng.reporters.JUnitReportReporter -->
<testsuite hostname="saikrishnan" failures="0" tests="3" name="com.testNG.InvocationcountClass" time="8.364" errors="0" timestamp="2025-09-10T12:26:26 IST" skipped="0">
  <testcase classname="com.testNG.InvocationcountClass" name="demo" time="2.698"/>
  <testcase classname="com.testNG.InvocationcountClass" name="demo" time="2.227"/>
  <testcase classname="com.testNG.InvocationcountClass" name="demo" time="3.439"/>
</testsuite> <!-- com.testNG.InvocationcountClass -->
