<?xml version="1.0" encoding="UTF-8"?>
<!-- Generated by org.testng.reporters.JUnitReportReporter -->
<testsuite hostname="saikrishnan" failures="0" tests="3" name="com.testNG.CrossBrowser" time="9.112" errors="0" timestamp="2025-09-08T23:06:23 IST" skipped="1">
  <testcase classname="com.testNG.CrossBrowser" name="Chrome" time="3.242"/>
  <testcase classname="com.testNG.CrossBrowser" name="FireFox" time="5.870"/>
  <testcase classname="com.testNG.CrossBrowser" name="Edge">
    <skipped/>
  </testcase> <!-- Edge -->
</testsuite> <!-- com.testNG.CrossBrowser -->
