<?xml version="1.0" encoding="UTF-8"?>
<!-- Generated by org.testng.reporters.JUnitReportReporter -->
<testsuite hostname="saikrishnan" failures="0" tests="5" name="com.testNG.DependsOnMethodsClass" time="0.024" errors="0" timestamp="2025-09-09T12:53:00 IST" skipped="0">
  <testcase classname="com.testNG.DependsOnMethodsClass" name="Biology" time="0.002"/>
  <testcase classname="com.testNG.DependsOnMethodsClass" name="Physics" time="0.002"/>
  <testcase classname="com.testNG.DependsOnMethodsClass" name="Botany" time="0.017"/>
  <testcase classname="com.testNG.DependsOnMethodsClass" name="Mathematics" time="0.002"/>
  <testcase classname="com.testNG.DependsOnMethodsClass" name="Zoology" time="0.001"/>
</testsuite> <!-- com.testNG.DependsOnMethodsClass -->
