<?xml version="1.0" encoding="UTF-8"?>
<!-- Generated by org.testng.reporters.JUnitReportReporter -->
<testsuite hostname="saikrishnan" failures="0" tests="3" name="com.testNG.GroupinClass" time="0.014" errors="0" timestamp="2025-09-09T13:13:12 IST" skipped="0">
  <testcase classname="com.testNG.GroupinClass" name="kidsSoap" time="0.002"/>
  <testcase classname="com.testNG.GroupinClass" name="kidTowel" time="0.011"/>
  <testcase classname="com.testNG.GroupinClass" name="kidsShoe" time="0.001"/>
</testsuite> <!-- com.testNG.GroupinClass -->
